
> society-app@0.1.0 dev
> next dev

  ▲ Next.js 14.2.14
  - Local:        http://localhost:3000

 ✓ Starting...
 ✓ Ready in 1993ms
 ○ Compiling /middleware ...
 ✓ Compiled /middleware in 1838ms (125 modules)
 ⨯ Error: Your project's URL and Key are required to create a Supabase client!

Check your Supabase project's API settings to find these values

https://supabase.com/dashboard/project/_/settings/api
    at <unknown> (https://supabase.com/dashboard/project/_/settings/api)
    at createServerClient (webpack-internal:///(middleware)/./node_modules/@supabase/ssr/dist/module/createServerClient.js:15:15)
    at updateSession (webpack-internal:///(middleware)/./lib/supabase/middleware.ts:13:87)
    at Object.middleware [as handler] (webpack-internal:///(middleware)/./middleware.ts:9:89)
    at eval (webpack-internal:///(middleware)/./node_modules/next/dist/esm/server/web/adapter.js:197:31)
    at AsyncLocalStorage.run (node:internal/async_local_storage/async_hooks:91:14)
    at Object.wrap (webpack-internal:///(middleware)/./node_modules/next/dist/esm/server/async-storage/request-async-storage-wrapper.js:105:24)
    at eval (webpack-internal:///(middleware)/./node_modules/next/dist/esm/server/web/adapter.js:188:122)
    at eval (webpack-internal:///(middleware)/./node_modules/next/dist/esm/server/lib/trace/tracer.js:115:36)
    at NoopContextManager.with (webpack-internal:///(middleware)/./node_modules/next/dist/compiled/@opentelemetry/api/index.js:2:7062)
    at ContextAPI.with (webpack-internal:///(middleware)/./node_modules/next/dist/compiled/@opentelemetry/api/index.js:2:518)
 ○ Compiling /_error ...
 ✓ Compiled /_error in 2.6s (254 modules)
 GET /login 404 in 13ms
 ○ Compiling /_not-found ...
<w> [webpack.cache.PackFileCacheStrategy] Serializing big strings (215kiB) impacts deserialization performance (consider using Buffer instead and decode when needed)
 ⚠ Fast Refresh had to perform a full reload due to a runtime error.
 ⨯ Error: Your project's URL and Key are required to create a Supabase client!

Check your Supabase project's API settings to find these values

https://supabase.com/dashboard/project/_/settings/api
    at <unknown> (https://supabase.com/dashboard/project/_/settings/api)
    at createServerClient (webpack-internal:///(middleware)/./node_modules/@supabase/ssr/dist/module/createServerClient.js:15:15)
    at updateSession (webpack-internal:///(middleware)/./lib/supabase/middleware.ts:13:87)
    at Object.middleware [as handler] (webpack-internal:///(middleware)/./middleware.ts:9:89)
    at eval (webpack-internal:///(middleware)/./node_modules/next/dist/esm/server/web/adapter.js:197:31)
    at AsyncLocalStorage.run (node:internal/async_local_storage/async_hooks:91:14)
    at Object.wrap (webpack-internal:///(middleware)/./node_modules/next/dist/esm/server/async-storage/request-async-storage-wrapper.js:105:24)
    at eval (webpack-internal:///(middleware)/./node_modules/next/dist/esm/server/web/adapter.js:188:122)
    at eval (webpack-internal:///(middleware)/./node_modules/next/dist/esm/server/lib/trace/tracer.js:115:36)
    at NoopContextManager.with (webpack-internal:///(middleware)/./node_modules/next/dist/compiled/@opentelemetry/api/index.js:2:7062)
    at ContextAPI.with (webpack-internal:///(middleware)/./node_modules/next/dist/compiled/@opentelemetry/api/index.js:2:518)
 ✓ Compiled /_not-found in 11.5s (698 modules)
 GET /login 404 in 3ms
 ⨯ Error [ERR_HTTP_HEADERS_SENT]: Cannot append headers after they are sent to the client
    at ServerResponse.appendHeader (node:_http_outgoing:758:11)
digest: "1467946928"
 ⨯ Error [ERR_HTTP_HEADERS_SENT]: Cannot append headers after they are sent to the client
    at ServerResponse.appendHeader (node:_http_outgoing:758:11)
digest: "1467946928"
 ⨯ Error: Your project's URL and Key are required to create a Supabase client!

Check your Supabase project's API settings to find these values

https://supabase.com/dashboard/project/_/settings/api
    at <unknown> (https://supabase.com/dashboard/project/_/settings/api)
    at createServerClient (webpack-internal:///(middleware)/./node_modules/@supabase/ssr/dist/module/createServerClient.js:15:15)
    at updateSession (webpack-internal:///(middleware)/./lib/supabase/middleware.ts:13:87)
    at Object.middleware [as handler] (webpack-internal:///(middleware)/./middleware.ts:9:89)
    at eval (webpack-internal:///(middleware)/./node_modules/next/dist/esm/server/web/adapter.js:197:31)
    at AsyncLocalStorage.run (node:internal/async_local_storage/async_hooks:91:14)
    at Object.wrap (webpack-internal:///(middleware)/./node_modules/next/dist/esm/server/async-storage/request-async-storage-wrapper.js:105:24)
    at eval (webpack-internal:///(middleware)/./node_modules/next/dist/esm/server/web/adapter.js:188:122)
    at eval (webpack-internal:///(middleware)/./node_modules/next/dist/esm/server/lib/trace/tracer.js:115:36)
    at NoopContextManager.with (webpack-internal:///(middleware)/./node_modules/next/dist/compiled/@opentelemetry/api/index.js:2:7062)
    at ContextAPI.with (webpack-internal:///(middleware)/./node_modules/next/dist/compiled/@opentelemetry/api/index.js:2:518)
 GET /login 404 in 2ms
 ⚠ Fast Refresh had to perform a full reload due to a runtime error.
 ⨯ Error [ERR_HTTP_HEADERS_SENT]: Cannot append headers after they are sent to the client
    at ServerResponse.appendHeader (node:_http_outgoing:758:11)
digest: "1467946928"
 ⨯ Error: Your project's URL and Key are required to create a Supabase client!

Check your Supabase project's API settings to find these values

https://supabase.com/dashboard/project/_/settings/api
    at <unknown> (https://supabase.com/dashboard/project/_/settings/api)
    at createServerClient (webpack-internal:///(middleware)/./node_modules/@supabase/ssr/dist/module/createServerClient.js:15:15)
    at updateSession (webpack-internal:///(middleware)/./lib/supabase/middleware.ts:13:87)
    at Object.middleware [as handler] (webpack-internal:///(middleware)/./middleware.ts:9:89)
    at eval (webpack-internal:///(middleware)/./node_modules/next/dist/esm/server/web/adapter.js:197:31)
    at AsyncLocalStorage.run (node:internal/async_local_storage/async_hooks:91:14)
    at Object.wrap (webpack-internal:///(middleware)/./node_modules/next/dist/esm/server/async-storage/request-async-storage-wrapper.js:105:24)
    at eval (webpack-internal:///(middleware)/./node_modules/next/dist/esm/server/web/adapter.js:188:122)
    at eval (webpack-internal:///(middleware)/./node_modules/next/dist/esm/server/lib/trace/tracer.js:115:36)
    at NoopContextManager.with (webpack-internal:///(middleware)/./node_modules/next/dist/compiled/@opentelemetry/api/index.js:2:7062)
    at ContextAPI.with (webpack-internal:///(middleware)/./node_modules/next/dist/compiled/@opentelemetry/api/index.js:2:518)
 GET /login 404 in 8ms
 ⨯ Error [ERR_HTTP_HEADERS_SENT]: Cannot append headers after they are sent to the client
    at ServerResponse.appendHeader (node:_http_outgoing:758:11)
digest: "1467946928"
